GowinSynthesis start
Running parser ...
Analyzing Verilog file '/home/xiaguangbo/linux/project/unifiedprocessor/program_gw2arlv18qn88c817/project/src/picorv32.v'
Analyzing Verilog file '/home/xiaguangbo/linux/project/unifiedprocessor/program_gw2arlv18qn88c817/project/src/entry.v'
WARN  (EX3073) : Port 'mem_la_read' remains unconnected for this instance("/home/xiaguangbo/linux/project/unifiedprocessor/program_gw2arlv18qn88c817/project/src/entry.v":41)
Compiling module 'entry'("/home/xiaguangbo/linux/project/unifiedprocessor/program_gw2arlv18qn88c817/project/src/entry.v":3)
Extracting RAM for identifier 'memory'("/home/xiaguangbo/linux/project/unifiedprocessor/program_gw2arlv18qn88c817/project/src/entry.v":43)
WARN  (EX3988) : Cannot open file 'firmware.hex'("/home/xiaguangbo/linux/project/unifiedprocessor/program_gw2arlv18qn88c817/project/src/entry.v":44)
Compiling module 'picorv32(ENABLE_COUNTERS=0,ENABLE_COUNTERS64=0,ENABLE_REGS_16_31=0,ENABLE_REGS_DUALPORT=0,TWO_STAGE_SHIFT=0,COMPRESSED_ISA=1,ENABLE_IRQ_QREGS=0,ENABLE_IRQ_TIMER=0)'("/home/xiaguangbo/linux/project/unifiedprocessor/program_gw2arlv18qn88c817/project/src/picorv32.v":62)
Extracting RAM for identifier 'cpuregs'("/home/xiaguangbo/linux/project/unifiedprocessor/program_gw2arlv18qn88c817/project/src/picorv32.v":203)
WARN  (EX3827) : Synthesis - simulation differences may occur when using full_case directive("/home/xiaguangbo/linux/project/unifiedprocessor/program_gw2arlv18qn88c817/project/src/picorv32.v":403)
WARN  (EX3791) : Expression size 5 truncated to fit in target size 4("/home/xiaguangbo/linux/project/unifiedprocessor/program_gw2arlv18qn88c817/project/src/picorv32.v":882)
WARN  (EX3791) : Expression size 5 truncated to fit in target size 4("/home/xiaguangbo/linux/project/unifiedprocessor/program_gw2arlv18qn88c817/project/src/picorv32.v":883)
WARN  (EX3791) : Expression size 5 truncated to fit in target size 4("/home/xiaguangbo/linux/project/unifiedprocessor/program_gw2arlv18qn88c817/project/src/picorv32.v":926)
WARN  (EX3791) : Expression size 5 truncated to fit in target size 4("/home/xiaguangbo/linux/project/unifiedprocessor/program_gw2arlv18qn88c817/project/src/picorv32.v":927)
WARN  (EX3791) : Expression size 5 truncated to fit in target size 4("/home/xiaguangbo/linux/project/unifiedprocessor/program_gw2arlv18qn88c817/project/src/picorv32.v":935)
WARN  (EX3791) : Expression size 5 truncated to fit in target size 4("/home/xiaguangbo/linux/project/unifiedprocessor/program_gw2arlv18qn88c817/project/src/picorv32.v":942)
WARN  (EX3791) : Expression size 5 truncated to fit in target size 4("/home/xiaguangbo/linux/project/unifiedprocessor/program_gw2arlv18qn88c817/project/src/picorv32.v":943)
WARN  (EX3791) : Expression size 5 truncated to fit in target size 4("/home/xiaguangbo/linux/project/unifiedprocessor/program_gw2arlv18qn88c817/project/src/picorv32.v":946)
WARN  (EX3791) : Expression size 6 truncated to fit in target size 5("/home/xiaguangbo/linux/project/unifiedprocessor/program_gw2arlv18qn88c817/project/src/picorv32.v":956)
WARN  (EX3791) : Expression size 5 truncated to fit in target size 4("/home/xiaguangbo/linux/project/unifiedprocessor/program_gw2arlv18qn88c817/project/src/picorv32.v":990)
WARN  (EX3791) : Expression size 5 truncated to fit in target size 4("/home/xiaguangbo/linux/project/unifiedprocessor/program_gw2arlv18qn88c817/project/src/picorv32.v":991)
WARN  (EX3791) : Expression size 6 truncated to fit in target size 5("/home/xiaguangbo/linux/project/unifiedprocessor/program_gw2arlv18qn88c817/project/src/picorv32.v":992)
WARN  (EX3791) : Expression size 5 truncated to fit in target size 4("/home/xiaguangbo/linux/project/unifiedprocessor/program_gw2arlv18qn88c817/project/src/picorv32.v":998)
WARN  (EX3791) : Expression size 5 truncated to fit in target size 4("/home/xiaguangbo/linux/project/unifiedprocessor/program_gw2arlv18qn88c817/project/src/picorv32.v":1006)
WARN  (EX3791) : Expression size 5 truncated to fit in target size 4("/home/xiaguangbo/linux/project/unifiedprocessor/program_gw2arlv18qn88c817/project/src/picorv32.v":1010)
WARN  (EX3791) : Expression size 5 truncated to fit in target size 4("/home/xiaguangbo/linux/project/unifiedprocessor/program_gw2arlv18qn88c817/project/src/picorv32.v":1017)
WARN  (EX3791) : Expression size 5 truncated to fit in target size 4("/home/xiaguangbo/linux/project/unifiedprocessor/program_gw2arlv18qn88c817/project/src/picorv32.v":1021)
WARN  (EX3791) : Expression size 5 truncated to fit in target size 4("/home/xiaguangbo/linux/project/unifiedprocessor/program_gw2arlv18qn88c817/project/src/picorv32.v":1022)
WARN  (EX3826) : Synthesis - simulation differences may occur when using parallel_case directive("/home/xiaguangbo/linux/project/unifiedprocessor/program_gw2arlv18qn88c817/project/src/picorv32.v":1120)
WARN  (EX3791) : Expression size 33 truncated to fit in target size 32("/home/xiaguangbo/linux/project/unifiedprocessor/program_gw2arlv18qn88c817/project/src/picorv32.v":1245)
WARN  (EX3791) : Expression size 32 truncated to fit in target size 1("/home/xiaguangbo/linux/project/unifiedprocessor/program_gw2arlv18qn88c817/project/src/picorv32.v":1250)
WARN  (EX3827) : Synthesis - simulation differences may occur when using full_case directive("/home/xiaguangbo/linux/project/unifiedprocessor/program_gw2arlv18qn88c817/project/src/picorv32.v":1252)
WARN  (EX3826) : Synthesis - simulation differences may occur when using parallel_case directive("/home/xiaguangbo/linux/project/unifiedprocessor/program_gw2arlv18qn88c817/project/src/picorv32.v":1252)
WARN  (EX3827) : Synthesis - simulation differences may occur when using full_case directive("/home/xiaguangbo/linux/project/unifiedprocessor/program_gw2arlv18qn88c817/project/src/picorv32.v":1269)
WARN  (EX3826) : Synthesis - simulation differences may occur when using parallel_case directive("/home/xiaguangbo/linux/project/unifiedprocessor/program_gw2arlv18qn88c817/project/src/picorv32.v":1269)
WARN  (EX3826) : Synthesis - simulation differences may occur when using parallel_case directive("/home/xiaguangbo/linux/project/unifiedprocessor/program_gw2arlv18qn88c817/project/src/picorv32.v":1315)
WARN  (EX3791) : Expression size 32 truncated to fit in target size 4("/home/xiaguangbo/linux/project/unifiedprocessor/program_gw2arlv18qn88c817/project/src/picorv32.v":1349)
WARN  (EX3791) : Expression size 5 truncated to fit in target size 4("/home/xiaguangbo/linux/project/unifiedprocessor/program_gw2arlv18qn88c817/project/src/picorv32.v":1359)
WARN  (EX3791) : Expression size 32 truncated to fit in target size 5("/home/xiaguangbo/linux/project/unifiedprocessor/program_gw2arlv18qn88c817/project/src/picorv32.v":1404)
WARN  (EX3826) : Synthesis - simulation differences may occur when using parallel_case directive("/home/xiaguangbo/linux/project/unifiedprocessor/program_gw2arlv18qn88c817/project/src/picorv32.v":1498)
WARN  (EX3826) : Synthesis - simulation differences may occur when using parallel_case directive("/home/xiaguangbo/linux/project/unifiedprocessor/program_gw2arlv18qn88c817/project/src/picorv32.v":1584)
WARN  (EX3791) : Expression size 32 truncated to fit in target size 5("/home/xiaguangbo/linux/project/unifiedprocessor/program_gw2arlv18qn88c817/project/src/picorv32.v":1761)
WARN  (EX3826) : Synthesis - simulation differences may occur when using parallel_case directive("/home/xiaguangbo/linux/project/unifiedprocessor/program_gw2arlv18qn88c817/project/src/picorv32.v":1767)
WARN  (EX3827) : Synthesis - simulation differences may occur when using full_case directive("/home/xiaguangbo/linux/project/unifiedprocessor/program_gw2arlv18qn88c817/project/src/picorv32.v":1845)
WARN  (EX3826) : Synthesis - simulation differences may occur when using parallel_case directive("/home/xiaguangbo/linux/project/unifiedprocessor/program_gw2arlv18qn88c817/project/src/picorv32.v":1845)
WARN  (EX3791) : Expression size 32 truncated to fit in target size 5("/home/xiaguangbo/linux/project/unifiedprocessor/program_gw2arlv18qn88c817/project/src/picorv32.v":1850)
WARN  (EX3827) : Synthesis - simulation differences may occur when using full_case directive("/home/xiaguangbo/linux/project/unifiedprocessor/program_gw2arlv18qn88c817/project/src/picorv32.v":1860)
WARN  (EX3826) : Synthesis - simulation differences may occur when using parallel_case directive("/home/xiaguangbo/linux/project/unifiedprocessor/program_gw2arlv18qn88c817/project/src/picorv32.v":1860)
WARN  (EX3827) : Synthesis - simulation differences may occur when using full_case directive("/home/xiaguangbo/linux/project/unifiedprocessor/program_gw2arlv18qn88c817/project/src/picorv32.v":1885)
WARN  (EX3826) : Synthesis - simulation differences may occur when using parallel_case directive("/home/xiaguangbo/linux/project/unifiedprocessor/program_gw2arlv18qn88c817/project/src/picorv32.v":1885)
WARN  (EX3827) : Synthesis - simulation differences may occur when using full_case directive("/home/xiaguangbo/linux/project/unifiedprocessor/program_gw2arlv18qn88c817/project/src/picorv32.v":1902)
WARN  (EX3826) : Synthesis - simulation differences may occur when using parallel_case directive("/home/xiaguangbo/linux/project/unifiedprocessor/program_gw2arlv18qn88c817/project/src/picorv32.v":1902)
WARN  (EX3791) : Expression size 32 truncated to fit in target size 8("/home/xiaguangbo/linux/project/unifiedprocessor/program_gw2arlv18qn88c817/project/src/entry.v":74)
WARN  (EX3826) : Synthesis - simulation differences may occur when using parallel_case directive("/home/xiaguangbo/linux/project/unifiedprocessor/program_gw2arlv18qn88c817/project/src/entry.v":60)
WARN  (EX2565) : Input 'pcpi_wr' on this instance is undriven. Assigning to 0, simulation mismatch possible. Please assign the input or remove the declaration("/home/xiaguangbo/linux/project/unifiedprocessor/program_gw2arlv18qn88c817/project/src/entry.v":41)
WARN  (EX2565) : Input 'pcpi_rd[31]' on this instance is undriven. Assigning to 0, simulation mismatch possible. Please assign the input or remove the declaration("/home/xiaguangbo/linux/project/unifiedprocessor/program_gw2arlv18qn88c817/project/src/entry.v":41)
WARN  (EX2565) : Input 'pcpi_rd[30]' on this instance is undriven. Assigning to 0, simulation mismatch possible. Please assign the input or remove the declaration("/home/xiaguangbo/linux/project/unifiedprocessor/program_gw2arlv18qn88c817/project/src/entry.v":41)
WARN  (EX2565) : Input 'pcpi_rd[29]' on this instance is undriven. Assigning to 0, simulation mismatch possible. Please assign the input or remove the declaration("/home/xiaguangbo/linux/project/unifiedprocessor/program_gw2arlv18qn88c817/project/src/entry.v":41)
WARN  (EX2565) : Input 'pcpi_rd[28]' on this instance is undriven. Assigning to 0, simulation mismatch possible. Please assign the input or remove the declaration("/home/xiaguangbo/linux/project/unifiedprocessor/program_gw2arlv18qn88c817/project/src/entry.v":41)
WARN  (EX2565) : Input 'pcpi_rd[27]' on this instance is undriven. Assigning to 0, simulation mismatch possible. Please assign the input or remove the declaration("/home/xiaguangbo/linux/project/unifiedprocessor/program_gw2arlv18qn88c817/project/src/entry.v":41)
WARN  (EX2565) : Input 'pcpi_rd[26]' on this instance is undriven. Assigning to 0, simulation mismatch possible. Please assign the input or remove the declaration("/home/xiaguangbo/linux/project/unifiedprocessor/program_gw2arlv18qn88c817/project/src/entry.v":41)
WARN  (EX2565) : Input 'pcpi_rd[25]' on this instance is undriven. Assigning to 0, simulation mismatch possible. Please assign the input or remove the declaration("/home/xiaguangbo/linux/project/unifiedprocessor/program_gw2arlv18qn88c817/project/src/entry.v":41)
WARN  (EX2565) : Input 'pcpi_rd[24]' on this instance is undriven. Assigning to 0, simulation mismatch possible. Please assign the input or remove the declaration("/home/xiaguangbo/linux/project/unifiedprocessor/program_gw2arlv18qn88c817/project/src/entry.v":41)
WARN  (EX2565) : Input 'pcpi_rd[23]' on this instance is undriven. Assigning to 0, simulation mismatch possible. Please assign the input or remove the declaration("/home/xiaguangbo/linux/project/unifiedprocessor/program_gw2arlv18qn88c817/project/src/entry.v":41)
WARN  (EX2565) : Input 'pcpi_rd[22]' on this instance is undriven. Assigning to 0, simulation mismatch possible. Please assign the input or remove the declaration("/home/xiaguangbo/linux/project/unifiedprocessor/program_gw2arlv18qn88c817/project/src/entry.v":41)
WARN  (EX2565) : Input 'pcpi_rd[21]' on this instance is undriven. Assigning to 0, simulation mismatch possible. Please assign the input or remove the declaration("/home/xiaguangbo/linux/project/unifiedprocessor/program_gw2arlv18qn88c817/project/src/entry.v":41)
WARN  (EX2565) : Input 'pcpi_rd[20]' on this instance is undriven. Assigning to 0, simulation mismatch possible. Please assign the input or remove the declaration("/home/xiaguangbo/linux/project/unifiedprocessor/program_gw2arlv18qn88c817/project/src/entry.v":41)
WARN  (EX2565) : Input 'pcpi_rd[19]' on this instance is undriven. Assigning to 0, simulation mismatch possible. Please assign the input or remove the declaration("/home/xiaguangbo/linux/project/unifiedprocessor/program_gw2arlv18qn88c817/project/src/entry.v":41)
WARN  (EX2565) : Input 'pcpi_rd[18]' on this instance is undriven. Assigning to 0, simulation mismatch possible. Please assign the input or remove the declaration("/home/xiaguangbo/linux/project/unifiedprocessor/program_gw2arlv18qn88c817/project/src/entry.v":41)
WARN  (EX2565) : Input 'pcpi_rd[17]' on this instance is undriven. Assigning to 0, simulation mismatch possible. Please assign the input or remove the declaration("/home/xiaguangbo/linux/project/unifiedprocessor/program_gw2arlv18qn88c817/project/src/entry.v":41)
WARN  (EX2565) : Input 'pcpi_rd[16]' on this instance is undriven. Assigning to 0, simulation mismatch possible. Please assign the input or remove the declaration("/home/xiaguangbo/linux/project/unifiedprocessor/program_gw2arlv18qn88c817/project/src/entry.v":41)
WARN  (EX2565) : Input 'pcpi_rd[15]' on this instance is undriven. Assigning to 0, simulation mismatch possible. Please assign the input or remove the declaration("/home/xiaguangbo/linux/project/unifiedprocessor/program_gw2arlv18qn88c817/project/src/entry.v":41)
WARN  (EX2565) : Input 'pcpi_rd[14]' on this instance is undriven. Assigning to 0, simulation mismatch possible. Please assign the input or remove the declaration("/home/xiaguangbo/linux/project/unifiedprocessor/program_gw2arlv18qn88c817/project/src/entry.v":41)
WARN  (EX2565) : Input 'pcpi_rd[13]' on this instance is undriven. Assigning to 0, simulation mismatch possible. Please assign the input or remove the declaration("/home/xiaguangbo/linux/project/unifiedprocessor/program_gw2arlv18qn88c817/project/src/entry.v":41)
WARN  (EX2565) : Input 'pcpi_rd[12]' on this instance is undriven. Assigning to 0, simulation mismatch possible. Please assign the input or remove the declaration("/home/xiaguangbo/linux/project/unifiedprocessor/program_gw2arlv18qn88c817/project/src/entry.v":41)
WARN  (EX2565) : Input 'pcpi_rd[11]' on this instance is undriven. Assigning to 0, simulation mismatch possible. Please assign the input or remove the declaration("/home/xiaguangbo/linux/project/unifiedprocessor/program_gw2arlv18qn88c817/project/src/entry.v":41)
WARN  (EX2565) : Input 'pcpi_rd[10]' on this instance is undriven. Assigning to 0, simulation mismatch possible. Please assign the input or remove the declaration("/home/xiaguangbo/linux/project/unifiedprocessor/program_gw2arlv18qn88c817/project/src/entry.v":41)
WARN  (EX2565) : Input 'pcpi_rd[9]' on this instance is undriven. Assigning to 0, simulation mismatch possible. Please assign the input or remove the declaration("/home/xiaguangbo/linux/project/unifiedprocessor/program_gw2arlv18qn88c817/project/src/entry.v":41)
WARN  (EX2565) : Input 'pcpi_rd[8]' on this instance is undriven. Assigning to 0, simulation mismatch possible. Please assign the input or remove the declaration("/home/xiaguangbo/linux/project/unifiedprocessor/program_gw2arlv18qn88c817/project/src/entry.v":41)
WARN  (EX2565) : Input 'pcpi_rd[7]' on this instance is undriven. Assigning to 0, simulation mismatch possible. Please assign the input or remove the declaration("/home/xiaguangbo/linux/project/unifiedprocessor/program_gw2arlv18qn88c817/project/src/entry.v":41)
WARN  (EX2565) : Input 'pcpi_rd[6]' on this instance is undriven. Assigning to 0, simulation mismatch possible. Please assign the input or remove the declaration("/home/xiaguangbo/linux/project/unifiedprocessor/program_gw2arlv18qn88c817/project/src/entry.v":41)
WARN  (EX2565) : Input 'pcpi_rd[5]' on this instance is undriven. Assigning to 0, simulation mismatch possible. Please assign the input or remove the declaration("/home/xiaguangbo/linux/project/unifiedprocessor/program_gw2arlv18qn88c817/project/src/entry.v":41)
WARN  (EX2565) : Input 'pcpi_rd[4]' on this instance is undriven. Assigning to 0, simulation mismatch possible. Please assign the input or remove the declaration("/home/xiaguangbo/linux/project/unifiedprocessor/program_gw2arlv18qn88c817/project/src/entry.v":41)
WARN  (EX2565) : Input 'pcpi_rd[3]' on this instance is undriven. Assigning to 0, simulation mismatch possible. Please assign the input or remove the declaration("/home/xiaguangbo/linux/project/unifiedprocessor/program_gw2arlv18qn88c817/project/src/entry.v":41)
WARN  (EX2565) : Input 'pcpi_rd[2]' on this instance is undriven. Assigning to 0, simulation mismatch possible. Please assign the input or remove the declaration("/home/xiaguangbo/linux/project/unifiedprocessor/program_gw2arlv18qn88c817/project/src/entry.v":41)
WARN  (EX2565) : Input 'pcpi_rd[1]' on this instance is undriven. Assigning to 0, simulation mismatch possible. Please assign the input or remove the declaration("/home/xiaguangbo/linux/project/unifiedprocessor/program_gw2arlv18qn88c817/project/src/entry.v":41)
WARN  (EX2565) : Input 'pcpi_rd[0]' on this instance is undriven. Assigning to 0, simulation mismatch possible. Please assign the input or remove the declaration("/home/xiaguangbo/linux/project/unifiedprocessor/program_gw2arlv18qn88c817/project/src/entry.v":41)
WARN  (EX2565) : Input 'pcpi_wait' on this instance is undriven. Assigning to 0, simulation mismatch possible. Please assign the input or remove the declaration("/home/xiaguangbo/linux/project/unifiedprocessor/program_gw2arlv18qn88c817/project/src/entry.v":41)
WARN  (EX2565) : Input 'pcpi_ready' on this instance is undriven. Assigning to 0, simulation mismatch possible. Please assign the input or remove the declaration("/home/xiaguangbo/linux/project/unifiedprocessor/program_gw2arlv18qn88c817/project/src/entry.v":41)
WARN  (EX2565) : Input 'irq[31]' on this instance is undriven. Assigning to 0, simulation mismatch possible. Please assign the input or remove the declaration("/home/xiaguangbo/linux/project/unifiedprocessor/program_gw2arlv18qn88c817/project/src/entry.v":41)
WARN  (EX2565) : Input 'irq[30]' on this instance is undriven. Assigning to 0, simulation mismatch possible. Please assign the input or remove the declaration("/home/xiaguangbo/linux/project/unifiedprocessor/program_gw2arlv18qn88c817/project/src/entry.v":41)
WARN  (EX2565) : Input 'irq[29]' on this instance is undriven. Assigning to 0, simulation mismatch possible. Please assign the input or remove the declaration("/home/xiaguangbo/linux/project/unifiedprocessor/program_gw2arlv18qn88c817/project/src/entry.v":41)
WARN  (EX2565) : Input 'irq[28]' on this instance is undriven. Assigning to 0, simulation mismatch possible. Please assign the input or remove the declaration("/home/xiaguangbo/linux/project/unifiedprocessor/program_gw2arlv18qn88c817/project/src/entry.v":41)
WARN  (EX2565) : Input 'irq[27]' on this instance is undriven. Assigning to 0, simulation mismatch possible. Please assign the input or remove the declaration("/home/xiaguangbo/linux/project/unifiedprocessor/program_gw2arlv18qn88c817/project/src/entry.v":41)
WARN  (EX2565) : Input 'irq[26]' on this instance is undriven. Assigning to 0, simulation mismatch possible. Please assign the input or remove the declaration("/home/xiaguangbo/linux/project/unifiedprocessor/program_gw2arlv18qn88c817/project/src/entry.v":41)
WARN  (EX2565) : Input 'irq[25]' on this instance is undriven. Assigning to 0, simulation mismatch possible. Please assign the input or remove the declaration("/home/xiaguangbo/linux/project/unifiedprocessor/program_gw2arlv18qn88c817/project/src/entry.v":41)
WARN  (EX2565) : Input 'irq[24]' on this instance is undriven. Assigning to 0, simulation mismatch possible. Please assign the input or remove the declaration("/home/xiaguangbo/linux/project/unifiedprocessor/program_gw2arlv18qn88c817/project/src/entry.v":41)
WARN  (EX2565) : Input 'irq[23]' on this instance is undriven. Assigning to 0, simulation mismatch possible. Please assign the input or remove the declaration("/home/xiaguangbo/linux/project/unifiedprocessor/program_gw2arlv18qn88c817/project/src/entry.v":41)
WARN  (EX2565) : Input 'irq[22]' on this instance is undriven. Assigning to 0, simulation mismatch possible. Please assign the input or remove the declaration("/home/xiaguangbo/linux/project/unifiedprocessor/program_gw2arlv18qn88c817/project/src/entry.v":41)
WARN  (EX2565) : Input 'irq[21]' on this instance is undriven. Assigning to 0, simulation mismatch possible. Please assign the input or remove the declaration("/home/xiaguangbo/linux/project/unifiedprocessor/program_gw2arlv18qn88c817/project/src/entry.v":41)
WARN  (EX2565) : Input 'irq[20]' on this instance is undriven. Assigning to 0, simulation mismatch possible. Please assign the input or remove the declaration("/home/xiaguangbo/linux/project/unifiedprocessor/program_gw2arlv18qn88c817/project/src/entry.v":41)
WARN  (EX2565) : Input 'irq[19]' on this instance is undriven. Assigning to 0, simulation mismatch possible. Please assign the input or remove the declaration("/home/xiaguangbo/linux/project/unifiedprocessor/program_gw2arlv18qn88c817/project/src/entry.v":41)
WARN  (EX2565) : Input 'irq[18]' on this instance is undriven. Assigning to 0, simulation mismatch possible. Please assign the input or remove the declaration("/home/xiaguangbo/linux/project/unifiedprocessor/program_gw2arlv18qn88c817/project/src/entry.v":41)
WARN  (EX2565) : Input 'irq[17]' on this instance is undriven. Assigning to 0, simulation mismatch possible. Please assign the input or remove the declaration("/home/xiaguangbo/linux/project/unifiedprocessor/program_gw2arlv18qn88c817/project/src/entry.v":41)
WARN  (EX2565) : Input 'irq[16]' on this instance is undriven. Assigning to 0, simulation mismatch possible. Please assign the input or remove the declaration("/home/xiaguangbo/linux/project/unifiedprocessor/program_gw2arlv18qn88c817/project/src/entry.v":41)
WARN  (EX2565) : Input 'irq[15]' on this instance is undriven. Assigning to 0, simulation mismatch possible. Please assign the input or remove the declaration("/home/xiaguangbo/linux/project/unifiedprocessor/program_gw2arlv18qn88c817/project/src/entry.v":41)
WARN  (EX2565) : Input 'irq[14]' on this instance is undriven. Assigning to 0, simulation mismatch possible. Please assign the input or remove the declaration("/home/xiaguangbo/linux/project/unifiedprocessor/program_gw2arlv18qn88c817/project/src/entry.v":41)
WARN  (EX2565) : Input 'irq[13]' on this instance is undriven. Assigning to 0, simulation mismatch possible. Please assign the input or remove the declaration("/home/xiaguangbo/linux/project/unifiedprocessor/program_gw2arlv18qn88c817/project/src/entry.v":41)
WARN  (EX2565) : Input 'irq[12]' on this instance is undriven. Assigning to 0, simulation mismatch possible. Please assign the input or remove the declaration("/home/xiaguangbo/linux/project/unifiedprocessor/program_gw2arlv18qn88c817/project/src/entry.v":41)
WARN  (EX2565) : Input 'irq[11]' on this instance is undriven. Assigning to 0, simulation mismatch possible. Please assign the input or remove the declaration("/home/xiaguangbo/linux/project/unifiedprocessor/program_gw2arlv18qn88c817/project/src/entry.v":41)
WARN  (EX2565) : Input 'irq[10]' on this instance is undriven. Assigning to 0, simulation mismatch possible. Please assign the input or remove the declaration("/home/xiaguangbo/linux/project/unifiedprocessor/program_gw2arlv18qn88c817/project/src/entry.v":41)
WARN  (EX2565) : Input 'irq[9]' on this instance is undriven. Assigning to 0, simulation mismatch possible. Please assign the input or remove the declaration("/home/xiaguangbo/linux/project/unifiedprocessor/program_gw2arlv18qn88c817/project/src/entry.v":41)
WARN  (EX2565) : Input 'irq[8]' on this instance is undriven. Assigning to 0, simulation mismatch possible. Please assign the input or remove the declaration("/home/xiaguangbo/linux/project/unifiedprocessor/program_gw2arlv18qn88c817/project/src/entry.v":41)
WARN  (EX2565) : Input 'irq[7]' on this instance is undriven. Assigning to 0, simulation mismatch possible. Please assign the input or remove the declaration("/home/xiaguangbo/linux/project/unifiedprocessor/program_gw2arlv18qn88c817/project/src/entry.v":41)
WARN  (EX2565) : Input 'irq[6]' on this instance is undriven. Assigning to 0, simulation mismatch possible. Please assign the input or remove the declaration("/home/xiaguangbo/linux/project/unifiedprocessor/program_gw2arlv18qn88c817/project/src/entry.v":41)
WARN  (EX2565) : Input 'irq[5]' on this instance is undriven. Assigning to 0, simulation mismatch possible. Please assign the input or remove the declaration("/home/xiaguangbo/linux/project/unifiedprocessor/program_gw2arlv18qn88c817/project/src/entry.v":41)
WARN  (EX2565) : Input 'irq[4]' on this instance is undriven. Assigning to 0, simulation mismatch possible. Please assign the input or remove the declaration("/home/xiaguangbo/linux/project/unifiedprocessor/program_gw2arlv18qn88c817/project/src/entry.v":41)
WARN  (EX2565) : Input 'irq[3]' on this instance is undriven. Assigning to 0, simulation mismatch possible. Please assign the input or remove the declaration("/home/xiaguangbo/linux/project/unifiedprocessor/program_gw2arlv18qn88c817/project/src/entry.v":41)
WARN  (EX2565) : Input 'irq[2]' on this instance is undriven. Assigning to 0, simulation mismatch possible. Please assign the input or remove the declaration("/home/xiaguangbo/linux/project/unifiedprocessor/program_gw2arlv18qn88c817/project/src/entry.v":41)
WARN  (EX2565) : Input 'irq[1]' on this instance is undriven. Assigning to 0, simulation mismatch possible. Please assign the input or remove the declaration("/home/xiaguangbo/linux/project/unifiedprocessor/program_gw2arlv18qn88c817/project/src/entry.v":41)
WARN  (EX2565) : Input 'irq[0]' on this instance is undriven. Assigning to 0, simulation mismatch possible. Please assign the input or remove the declaration("/home/xiaguangbo/linux/project/unifiedprocessor/program_gw2arlv18qn88c817/project/src/entry.v":41)
NOTE  (EX0101) : Current top module is "entry"
WARN  (EX0211) : The output port "pcpi_insn[31]" of module "picorv32(ENABLE_COUNTERS=0,ENABLE_COUNTERS64=0,ENABLE_REGS_16_31=0,ENABLE_REGS_DUALPORT=0,TWO_STAGE_SHIFT=0,COMPRESSED_ISA=1,ENABLE_IRQ_QREGS=0,ENABLE_IRQ_TIMER=0)" has no driver, assigning undriven bits to Z, simulation mismatch possible("/home/xiaguangbo/linux/project/unifiedprocessor/program_gw2arlv18qn88c817/project/src/picorv32.v":111)
WARN  (EX0211) : The output port "pcpi_insn[30]" of module "picorv32(ENABLE_COUNTERS=0,ENABLE_COUNTERS64=0,ENABLE_REGS_16_31=0,ENABLE_REGS_DUALPORT=0,TWO_STAGE_SHIFT=0,COMPRESSED_ISA=1,ENABLE_IRQ_QREGS=0,ENABLE_IRQ_TIMER=0)" has no driver, assigning undriven bits to Z, simulation mismatch possible("/home/xiaguangbo/linux/project/unifiedprocessor/program_gw2arlv18qn88c817/project/src/picorv32.v":111)
WARN  (EX0211) : The output port "pcpi_insn[29]" of module "picorv32(ENABLE_COUNTERS=0,ENABLE_COUNTERS64=0,ENABLE_REGS_16_31=0,ENABLE_REGS_DUALPORT=0,TWO_STAGE_SHIFT=0,COMPRESSED_ISA=1,ENABLE_IRQ_QREGS=0,ENABLE_IRQ_TIMER=0)" has no driver, assigning undriven bits to Z, simulation mismatch possible("/home/xiaguangbo/linux/project/unifiedprocessor/program_gw2arlv18qn88c817/project/src/picorv32.v":111)
WARN  (EX0211) : The output port "pcpi_insn[28]" of module "picorv32(ENABLE_COUNTERS=0,ENABLE_COUNTERS64=0,ENABLE_REGS_16_31=0,ENABLE_REGS_DUALPORT=0,TWO_STAGE_SHIFT=0,COMPRESSED_ISA=1,ENABLE_IRQ_QREGS=0,ENABLE_IRQ_TIMER=0)" has no driver, assigning undriven bits to Z, simulation mismatch possible("/home/xiaguangbo/linux/project/unifiedprocessor/program_gw2arlv18qn88c817/project/src/picorv32.v":111)
WARN  (EX0211) : The output port "pcpi_insn[27]" of module "picorv32(ENABLE_COUNTERS=0,ENABLE_COUNTERS64=0,ENABLE_REGS_16_31=0,ENABLE_REGS_DUALPORT=0,TWO_STAGE_SHIFT=0,COMPRESSED_ISA=1,ENABLE_IRQ_QREGS=0,ENABLE_IRQ_TIMER=0)" has no driver, assigning undriven bits to Z, simulation mismatch possible("/home/xiaguangbo/linux/project/unifiedprocessor/program_gw2arlv18qn88c817/project/src/picorv32.v":111)
WARN  (EX0211) : The output port "pcpi_insn[26]" of module "picorv32(ENABLE_COUNTERS=0,ENABLE_COUNTERS64=0,ENABLE_REGS_16_31=0,ENABLE_REGS_DUALPORT=0,TWO_STAGE_SHIFT=0,COMPRESSED_ISA=1,ENABLE_IRQ_QREGS=0,ENABLE_IRQ_TIMER=0)" has no driver, assigning undriven bits to Z, simulation mismatch possible("/home/xiaguangbo/linux/project/unifiedprocessor/program_gw2arlv18qn88c817/project/src/picorv32.v":111)
WARN  (EX0211) : The output port "pcpi_insn[25]" of module "picorv32(ENABLE_COUNTERS=0,ENABLE_COUNTERS64=0,ENABLE_REGS_16_31=0,ENABLE_REGS_DUALPORT=0,TWO_STAGE_SHIFT=0,COMPRESSED_ISA=1,ENABLE_IRQ_QREGS=0,ENABLE_IRQ_TIMER=0)" has no driver, assigning undriven bits to Z, simulation mismatch possible("/home/xiaguangbo/linux/project/unifiedprocessor/program_gw2arlv18qn88c817/project/src/picorv32.v":111)
WARN  (EX0211) : The output port "pcpi_insn[24]" of module "picorv32(ENABLE_COUNTERS=0,ENABLE_COUNTERS64=0,ENABLE_REGS_16_31=0,ENABLE_REGS_DUALPORT=0,TWO_STAGE_SHIFT=0,COMPRESSED_ISA=1,ENABLE_IRQ_QREGS=0,ENABLE_IRQ_TIMER=0)" has no driver, assigning undriven bits to Z, simulation mismatch possible("/home/xiaguangbo/linux/project/unifiedprocessor/program_gw2arlv18qn88c817/project/src/picorv32.v":111)
WARN  (EX0211) : The output port "pcpi_insn[23]" of module "picorv32(ENABLE_COUNTERS=0,ENABLE_COUNTERS64=0,ENABLE_REGS_16_31=0,ENABLE_REGS_DUALPORT=0,TWO_STAGE_SHIFT=0,COMPRESSED_ISA=1,ENABLE_IRQ_QREGS=0,ENABLE_IRQ_TIMER=0)" has no driver, assigning undriven bits to Z, simulation mismatch possible("/home/xiaguangbo/linux/project/unifiedprocessor/program_gw2arlv18qn88c817/project/src/picorv32.v":111)
WARN  (EX0211) : The output port "pcpi_insn[22]" of module "picorv32(ENABLE_COUNTERS=0,ENABLE_COUNTERS64=0,ENABLE_REGS_16_31=0,ENABLE_REGS_DUALPORT=0,TWO_STAGE_SHIFT=0,COMPRESSED_ISA=1,ENABLE_IRQ_QREGS=0,ENABLE_IRQ_TIMER=0)" has no driver, assigning undriven bits to Z, simulation mismatch possible("/home/xiaguangbo/linux/project/unifiedprocessor/program_gw2arlv18qn88c817/project/src/picorv32.v":111)
WARN  (EX0211) : The output port "pcpi_insn[21]" of module "picorv32(ENABLE_COUNTERS=0,ENABLE_COUNTERS64=0,ENABLE_REGS_16_31=0,ENABLE_REGS_DUALPORT=0,TWO_STAGE_SHIFT=0,COMPRESSED_ISA=1,ENABLE_IRQ_QREGS=0,ENABLE_IRQ_TIMER=0)" has no driver, assigning undriven bits to Z, simulation mismatch possible("/home/xiaguangbo/linux/project/unifiedprocessor/program_gw2arlv18qn88c817/project/src/picorv32.v":111)
WARN  (EX0211) : The output port "pcpi_insn[20]" of module "picorv32(ENABLE_COUNTERS=0,ENABLE_COUNTERS64=0,ENABLE_REGS_16_31=0,ENABLE_REGS_DUALPORT=0,TWO_STAGE_SHIFT=0,COMPRESSED_ISA=1,ENABLE_IRQ_QREGS=0,ENABLE_IRQ_TIMER=0)" has no driver, assigning undriven bits to Z, simulation mismatch possible("/home/xiaguangbo/linux/project/unifiedprocessor/program_gw2arlv18qn88c817/project/src/picorv32.v":111)
WARN  (EX0211) : The output port "pcpi_insn[19]" of module "picorv32(ENABLE_COUNTERS=0,ENABLE_COUNTERS64=0,ENABLE_REGS_16_31=0,ENABLE_REGS_DUALPORT=0,TWO_STAGE_SHIFT=0,COMPRESSED_ISA=1,ENABLE_IRQ_QREGS=0,ENABLE_IRQ_TIMER=0)" has no driver, assigning undriven bits to Z, simulation mismatch possible("/home/xiaguangbo/linux/project/unifiedprocessor/program_gw2arlv18qn88c817/project/src/picorv32.v":111)
WARN  (EX0211) : The output port "pcpi_insn[18]" of module "picorv32(ENABLE_COUNTERS=0,ENABLE_COUNTERS64=0,ENABLE_REGS_16_31=0,ENABLE_REGS_DUALPORT=0,TWO_STAGE_SHIFT=0,COMPRESSED_ISA=1,ENABLE_IRQ_QREGS=0,ENABLE_IRQ_TIMER=0)" has no driver, assigning undriven bits to Z, simulation mismatch possible("/home/xiaguangbo/linux/project/unifiedprocessor/program_gw2arlv18qn88c817/project/src/picorv32.v":111)
WARN  (EX0211) : The output port "pcpi_insn[17]" of module "picorv32(ENABLE_COUNTERS=0,ENABLE_COUNTERS64=0,ENABLE_REGS_16_31=0,ENABLE_REGS_DUALPORT=0,TWO_STAGE_SHIFT=0,COMPRESSED_ISA=1,ENABLE_IRQ_QREGS=0,ENABLE_IRQ_TIMER=0)" has no driver, assigning undriven bits to Z, simulation mismatch possible("/home/xiaguangbo/linux/project/unifiedprocessor/program_gw2arlv18qn88c817/project/src/picorv32.v":111)
WARN  (EX0211) : The output port "pcpi_insn[16]" of module "picorv32(ENABLE_COUNTERS=0,ENABLE_COUNTERS64=0,ENABLE_REGS_16_31=0,ENABLE_REGS_DUALPORT=0,TWO_STAGE_SHIFT=0,COMPRESSED_ISA=1,ENABLE_IRQ_QREGS=0,ENABLE_IRQ_TIMER=0)" has no driver, assigning undriven bits to Z, simulation mismatch possible("/home/xiaguangbo/linux/project/unifiedprocessor/program_gw2arlv18qn88c817/project/src/picorv32.v":111)
WARN  (EX0211) : The output port "pcpi_insn[15]" of module "picorv32(ENABLE_COUNTERS=0,ENABLE_COUNTERS64=0,ENABLE_REGS_16_31=0,ENABLE_REGS_DUALPORT=0,TWO_STAGE_SHIFT=0,COMPRESSED_ISA=1,ENABLE_IRQ_QREGS=0,ENABLE_IRQ_TIMER=0)" has no driver, assigning undriven bits to Z, simulation mismatch possible("/home/xiaguangbo/linux/project/unifiedprocessor/program_gw2arlv18qn88c817/project/src/picorv32.v":111)
WARN  (EX0211) : The output port "pcpi_insn[14]" of module "picorv32(ENABLE_COUNTERS=0,ENABLE_COUNTERS64=0,ENABLE_REGS_16_31=0,ENABLE_REGS_DUALPORT=0,TWO_STAGE_SHIFT=0,COMPRESSED_ISA=1,ENABLE_IRQ_QREGS=0,ENABLE_IRQ_TIMER=0)" has no driver, assigning undriven bits to Z, simulation mismatch possible("/home/xiaguangbo/linux/project/unifiedprocessor/program_gw2arlv18qn88c817/project/src/picorv32.v":111)
WARN  (EX0211) : The output port "pcpi_insn[13]" of module "picorv32(ENABLE_COUNTERS=0,ENABLE_COUNTERS64=0,ENABLE_REGS_16_31=0,ENABLE_REGS_DUALPORT=0,TWO_STAGE_SHIFT=0,COMPRESSED_ISA=1,ENABLE_IRQ_QREGS=0,ENABLE_IRQ_TIMER=0)" has no driver, assigning undriven bits to Z, simulation mismatch possible("/home/xiaguangbo/linux/project/unifiedprocessor/program_gw2arlv18qn88c817/project/src/picorv32.v":111)
WARN  (EX0211) : The output port "pcpi_insn[12]" of module "picorv32(ENABLE_COUNTERS=0,ENABLE_COUNTERS64=0,ENABLE_REGS_16_31=0,ENABLE_REGS_DUALPORT=0,TWO_STAGE_SHIFT=0,COMPRESSED_ISA=1,ENABLE_IRQ_QREGS=0,ENABLE_IRQ_TIMER=0)" has no driver, assigning undriven bits to Z, simulation mismatch possible("/home/xiaguangbo/linux/project/unifiedprocessor/program_gw2arlv18qn88c817/project/src/picorv32.v":111)
WARN  (EX0211) : The output port "pcpi_insn[11]" of module "picorv32(ENABLE_COUNTERS=0,ENABLE_COUNTERS64=0,ENABLE_REGS_16_31=0,ENABLE_REGS_DUALPORT=0,TWO_STAGE_SHIFT=0,COMPRESSED_ISA=1,ENABLE_IRQ_QREGS=0,ENABLE_IRQ_TIMER=0)" has no driver, assigning undriven bits to Z, simulation mismatch possible("/home/xiaguangbo/linux/project/unifiedprocessor/program_gw2arlv18qn88c817/project/src/picorv32.v":111)
WARN  (EX0211) : The output port "pcpi_insn[10]" of module "picorv32(ENABLE_COUNTERS=0,ENABLE_COUNTERS64=0,ENABLE_REGS_16_31=0,ENABLE_REGS_DUALPORT=0,TWO_STAGE_SHIFT=0,COMPRESSED_ISA=1,ENABLE_IRQ_QREGS=0,ENABLE_IRQ_TIMER=0)" has no driver, assigning undriven bits to Z, simulation mismatch possible("/home/xiaguangbo/linux/project/unifiedprocessor/program_gw2arlv18qn88c817/project/src/picorv32.v":111)
WARN  (EX0211) : The output port "pcpi_insn[9]" of module "picorv32(ENABLE_COUNTERS=0,ENABLE_COUNTERS64=0,ENABLE_REGS_16_31=0,ENABLE_REGS_DUALPORT=0,TWO_STAGE_SHIFT=0,COMPRESSED_ISA=1,ENABLE_IRQ_QREGS=0,ENABLE_IRQ_TIMER=0)" has no driver, assigning undriven bits to Z, simulation mismatch possible("/home/xiaguangbo/linux/project/unifiedprocessor/program_gw2arlv18qn88c817/project/src/picorv32.v":111)
WARN  (EX0211) : The output port "pcpi_insn[8]" of module "picorv32(ENABLE_COUNTERS=0,ENABLE_COUNTERS64=0,ENABLE_REGS_16_31=0,ENABLE_REGS_DUALPORT=0,TWO_STAGE_SHIFT=0,COMPRESSED_ISA=1,ENABLE_IRQ_QREGS=0,ENABLE_IRQ_TIMER=0)" has no driver, assigning undriven bits to Z, simulation mismatch possible("/home/xiaguangbo/linux/project/unifiedprocessor/program_gw2arlv18qn88c817/project/src/picorv32.v":111)
WARN  (EX0211) : The output port "pcpi_insn[7]" of module "picorv32(ENABLE_COUNTERS=0,ENABLE_COUNTERS64=0,ENABLE_REGS_16_31=0,ENABLE_REGS_DUALPORT=0,TWO_STAGE_SHIFT=0,COMPRESSED_ISA=1,ENABLE_IRQ_QREGS=0,ENABLE_IRQ_TIMER=0)" has no driver, assigning undriven bits to Z, simulation mismatch possible("/home/xiaguangbo/linux/project/unifiedprocessor/program_gw2arlv18qn88c817/project/src/picorv32.v":111)
WARN  (EX0211) : The output port "pcpi_insn[6]" of module "picorv32(ENABLE_COUNTERS=0,ENABLE_COUNTERS64=0,ENABLE_REGS_16_31=0,ENABLE_REGS_DUALPORT=0,TWO_STAGE_SHIFT=0,COMPRESSED_ISA=1,ENABLE_IRQ_QREGS=0,ENABLE_IRQ_TIMER=0)" has no driver, assigning undriven bits to Z, simulation mismatch possible("/home/xiaguangbo/linux/project/unifiedprocessor/program_gw2arlv18qn88c817/project/src/picorv32.v":111)
WARN  (EX0211) : The output port "pcpi_insn[5]" of module "picorv32(ENABLE_COUNTERS=0,ENABLE_COUNTERS64=0,ENABLE_REGS_16_31=0,ENABLE_REGS_DUALPORT=0,TWO_STAGE_SHIFT=0,COMPRESSED_ISA=1,ENABLE_IRQ_QREGS=0,ENABLE_IRQ_TIMER=0)" has no driver, assigning undriven bits to Z, simulation mismatch possible("/home/xiaguangbo/linux/project/unifiedprocessor/program_gw2arlv18qn88c817/project/src/picorv32.v":111)
WARN  (EX0211) : The output port "pcpi_insn[4]" of module "picorv32(ENABLE_COUNTERS=0,ENABLE_COUNTERS64=0,ENABLE_REGS_16_31=0,ENABLE_REGS_DUALPORT=0,TWO_STAGE_SHIFT=0,COMPRESSED_ISA=1,ENABLE_IRQ_QREGS=0,ENABLE_IRQ_TIMER=0)" has no driver, assigning undriven bits to Z, simulation mismatch possible("/home/xiaguangbo/linux/project/unifiedprocessor/program_gw2arlv18qn88c817/project/src/picorv32.v":111)
WARN  (EX0211) : The output port "pcpi_insn[3]" of module "picorv32(ENABLE_COUNTERS=0,ENABLE_COUNTERS64=0,ENABLE_REGS_16_31=0,ENABLE_REGS_DUALPORT=0,TWO_STAGE_SHIFT=0,COMPRESSED_ISA=1,ENABLE_IRQ_QREGS=0,ENABLE_IRQ_TIMER=0)" has no driver, assigning undriven bits to Z, simulation mismatch possible("/home/xiaguangbo/linux/project/unifiedprocessor/program_gw2arlv18qn88c817/project/src/picorv32.v":111)
WARN  (EX0211) : The output port "pcpi_insn[2]" of module "picorv32(ENABLE_COUNTERS=0,ENABLE_COUNTERS64=0,ENABLE_REGS_16_31=0,ENABLE_REGS_DUALPORT=0,TWO_STAGE_SHIFT=0,COMPRESSED_ISA=1,ENABLE_IRQ_QREGS=0,ENABLE_IRQ_TIMER=0)" has no driver, assigning undriven bits to Z, simulation mismatch possible("/home/xiaguangbo/linux/project/unifiedprocessor/program_gw2arlv18qn88c817/project/src/picorv32.v":111)
WARN  (EX0211) : The output port "pcpi_insn[1]" of module "picorv32(ENABLE_COUNTERS=0,ENABLE_COUNTERS64=0,ENABLE_REGS_16_31=0,ENABLE_REGS_DUALPORT=0,TWO_STAGE_SHIFT=0,COMPRESSED_ISA=1,ENABLE_IRQ_QREGS=0,ENABLE_IRQ_TIMER=0)" has no driver, assigning undriven bits to Z, simulation mismatch possible("/home/xiaguangbo/linux/project/unifiedprocessor/program_gw2arlv18qn88c817/project/src/picorv32.v":111)
WARN  (EX0211) : The output port "pcpi_insn[0]" of module "picorv32(ENABLE_COUNTERS=0,ENABLE_COUNTERS64=0,ENABLE_REGS_16_31=0,ENABLE_REGS_DUALPORT=0,TWO_STAGE_SHIFT=0,COMPRESSED_ISA=1,ENABLE_IRQ_QREGS=0,ENABLE_IRQ_TIMER=0)" has no driver, assigning undriven bits to Z, simulation mismatch possible("/home/xiaguangbo/linux/project/unifiedprocessor/program_gw2arlv18qn88c817/project/src/picorv32.v":111)
[5%] Running netlist conversion ...
Running device independent optimization ...
[10%] Optimizing Phase 0 completed
[15%] Optimizing Phase 1 completed
[25%] Optimizing Phase 2 completed
Running inference ...
[30%] Inferring Phase 0 completed
[40%] Inferring Phase 1 completed
[50%] Inferring Phase 2 completed
[55%] Inferring Phase 3 completed
Running technical mapping ...
[60%] Tech-Mapping Phase 0 completed
[65%] Tech-Mapping Phase 1 completed
[75%] Tech-Mapping Phase 2 completed
[80%] Tech-Mapping Phase 3 completed
[90%] Tech-Mapping Phase 4 completed
[95%] Generate netlist file "/home/xiaguangbo/linux/project/unifiedprocessor/program_gw2arlv18qn88c817/project/impl/gwsynthesis/project.vg" completed
[100%] Generate report file "/home/xiaguangbo/linux/project/unifiedprocessor/program_gw2arlv18qn88c817/project/impl/gwsynthesis/project_syn.rpt.html" completed
GowinSynthesis finish
